[0810/113827.371:INFO:CONSOLE(150)] "Event handler of 'x-storagemutated-1' event must be added on the initial evaluation of worker script.", source: https://static.whatsapp.net/rsrc.php/v3/yA/r/fA-PDLU1Zyv.js?_nc_x=Ij3Wp8lg5Kz (150)
[0810/113827.570:INFO:CONSOLE(0)] "Error with Permissions-Policy header: Feature xr-spatial-tracking's parameters are ignored.", source:  (0)
[0810/113827.570:INFO:CONSOLE(0)] "Error with Permissions-Policy header: Origin trial controlled feature not enabled: 'attribution-reporting'.", source:  (0)
[0810/113827.570:INFO:CONSOLE(0)] "Error with Permissions-Policy header: Unrecognized feature: 'battery'.", source:  (0)
[0810/113827.622:INFO:CONSOLE(0)] "Error with Permissions-Policy header: Unrecognized feature: 'compute-pressure'.", source:  (0)
[0810/113827.622:INFO:CONSOLE(0)] "Error with Permissions-Policy header: Origin trial controlled feature not enabled: 'interest-cohort'.", source:  (0)
[0810/113827.622:INFO:CONSOLE(0)] "Error with Permissions-Policy header: Unrecognized feature: 'private-state-token-issuance'.", source:  (0)
[0810/113827.623:INFO:CONSOLE(0)] "Error with Permissions-Policy header: Origin trial controlled feature not enabled: 'shared-storage'.", source:  (0)
[0810/113827.623:INFO:CONSOLE(0)] "Error with Permissions-Policy header: Unrecognized feature: 'shared-storage-select-url'.", source:  (0)
[0810/113827.623:INFO:CONSOLE(0)] "Error with Permissions-Policy header: Unrecognized feature: 'private-state-token-redemption'.", source:  (0)
[0810/113827.623:INFO:CONSOLE(0)] "Error with Permissions-Policy header: Unrecognized feature: 'usb-unrestricted'.", source:  (0)
[0810/113827.623:INFO:CONSOLE(0)] "Error with Permissions-Policy header: Unrecognized feature: 'unload'.", source:  (0)
[0810/113827.623:INFO:CONSOLE(0)] "Error with Permissions-Policy header: Unrecognized feature: 'window-management'.", source:  (0)
[0810/114239.014:INFO:CONSOLE(150)] "Event handler of 'x-storagemutated-1' event must be added on the initial evaluation of worker script.", source: https://static.whatsapp.net/rsrc.php/v3/yA/r/fA-PDLU1Zyv.js?_nc_x=Ij3Wp8lg5Kz (150)
[0810/114338.181:INFO:CONSOLE(339)] "Failed to parse video contentType: video/mp4; codecs=avc1.42000a", source: https://static.whatsapp.net/rsrc.php/v3iHCc4/y6/l/rt/_lOJlYbi_qB.js?_nc_x=Ij3Wp8lg5Kz (339)
[0810/114338.183:INFO:CONSOLE(339)] "Failed to parse video contentType: video/mp4; codecs=hev1.1.6.L93.B0", source: https://static.whatsapp.net/rsrc.php/v3iHCc4/y6/l/rt/_lOJlYbi_qB.js?_nc_x=Ij3Wp8lg5Kz (339)
[0810/114355.050:INFO:CONSOLE(150)] "Event handler of 'x-storagemutated-1' event must be added on the initial evaluation of worker script.", source: https://static.whatsapp.net/rsrc.php/v3/yA/r/fA-PDLU1Zyv.js?_nc_x=Ij3Wp8lg5Kz (150)
[0810/114606.106:WARNING:dns_config_service_win.cc(584)] Failed to read DnsConfig.
[0810/114616.107:INFO:CONSOLE(150)] "Event handler of 'x-storagemutated-1' event must be added on the initial evaluation of worker script.", source: https://static.whatsapp.net/rsrc.php/v3/yA/r/fA-PDLU1Zyv.js?_nc_x=Ij3Wp8lg5Kz (150)
[0810/115152.161:INFO:CONSOLE(150)] "Event handler of 'x-storagemutated-1' event must be added on the initial evaluation of worker script.", source: https://static.whatsapp.net/rsrc.php/v3/yA/r/fA-PDLU1Zyv.js?_nc_x=Ij3Wp8lg5Kz (150)
[0810/115202.221:INFO:CONSOLE(339)] " 1000000074,1000000075,1000000076,1000000077,1000000078,1000000079,1000000080,1000000081,1000000082,1000000083,1000000084,1000000085", source: https://static.whatsapp.net/rsrc.php/v3/yC/r/bVf3D1LChPY.js?_nc_x=Ij3Wp8lg5Kz (339)
[0810/115208.568:INFO:CONSOLE(339)] " 1000000072,1000000073", source: https://static.whatsapp.net/rsrc.php/v3/yC/r/bVf3D1LChPY.js?_nc_x=Ij3Wp8lg5Kz (339)
